============================= test session starts =============================
platform win32 -- Python 3.12.2, pytest-9.0.3, pluggy-1.6.0
rootdir: F:\model\Kali-Security-MCP-main\Kali-Security-MCP-main
configfile: pytest.ini
plugins: anyio-4.12.0, Faker-40.28.1, asyncio-1.3.0, cov-7.1.0, timeout-2.4.0
asyncio: mode=Mode.AUTO, debug=False, asyncio_default_fixture_loop_scope=None, asyncio_default_test_loop_scope=function
collected 275 items

tests\test_chain_manager.py ...........                                  [  4%]
tests\test_handoff.py .........                                          [  7%]
tests\test_insight_bridge.py ..........................................  [ 22%]
tests\test_mcp_tools_registration.py ................................... [ 35%]
....................                                                     [ 42%]
tests\test_multi_target.py ..............                                [ 47%]
tests\test_p0_chain_errors.py ...                                        [ 48%]
tests\test_p0_harness.py ............................................... [ 65%]
.                                                                        [ 66%]
tests\test_p0_imports.py ..............                                  [ 71%]
tests\test_security.py .............................................     [ 87%]
tests\test_task_workspace.py .................                           [ 93%]
tests\test_verifier.py .............                                     [ 98%]
tests\test_websocket_engine_compat.py ....                               [100%]

============================= 275 passed in 6.28s =============================
